::1 - - [28/Sep/2020:16:33:22 +0000] "GET /product HTTP/1.1" 304 - "-" "Mozilla/5.0 (X11; Linux x86_64) AppleWebKit/537.36 (KHTML, like Gecko) Chrome/84.0.4147.135 Safari/537.36"
::1 - - [28/Sep/2020:16:33:23 +0000] "GET /favicon.ico HTTP/1.1" 500 23 "http://localhost:2159/product" "Mozilla/5.0 (X11; Linux x86_64) AppleWebKit/537.36 (KHTML, like Gecko) Chrome/84.0.4147.135 Safari/537.36"
::1 - - [28/Sep/2020:17:37:16 +0000] "OPTIONS /auth HTTP/1.1" 204 0 "http://localhost:8080/" "Mozilla/5.0 (X11; Linux x86_64) AppleWebKit/537.36 (KHTML, like Gecko) Chrome/84.0.4147.135 Safari/537.36"
::1 - - [28/Sep/2020:17:37:17 +0000] "POST /auth HTTP/1.1" 200 153 "http://localhost:8080/" "Mozilla/5.0 (X11; Linux x86_64) AppleWebKit/537.36 (KHTML, like Gecko) Chrome/84.0.4147.135 Safari/537.36"
::1 - - [28/Sep/2020:17:38:50 +0000] "OPTIONS /auth HTTP/1.1" 204 0 "http://localhost:8080/" "Mozilla/5.0 (X11; Linux x86_64) AppleWebKit/537.36 (KHTML, like Gecko) Chrome/84.0.4147.135 Safari/537.36"
::1 - - [28/Sep/2020:17:38:51 +0000] "POST /auth HTTP/1.1" 200 153 "http://localhost:8080/" "Mozilla/5.0 (X11; Linux x86_64) AppleWebKit/537.36 (KHTML, like Gecko) Chrome/84.0.4147.135 Safari/537.36"
::1 - - [28/Sep/2020:17:38:58 +0000] "OPTIONS /auth HTTP/1.1" 204 0 "http://localhost:8080/" "Mozilla/5.0 (X11; Linux x86_64) AppleWebKit/537.36 (KHTML, like Gecko) Chrome/84.0.4147.135 Safari/537.36"
::1 - - [28/Sep/2020:17:38:58 +0000] "POST /auth HTTP/1.1" 401 30 "http://localhost:8080/" "Mozilla/5.0 (X11; Linux x86_64) AppleWebKit/537.36 (KHTML, like Gecko) Chrome/84.0.4147.135 Safari/537.36"
::1 - - [30/Sep/2020:08:55:26 +0000] "OPTIONS /auth HTTP/1.1" 204 0 "http://localhost:8080/" "Mozilla/5.0 (X11; Linux x86_64) AppleWebKit/537.36 (KHTML, like Gecko) Chrome/84.0.4147.135 Safari/537.36"
::1 - - [30/Sep/2020:08:55:28 +0000] "POST /auth HTTP/1.1" 200 161 "http://localhost:8080/" "Mozilla/5.0 (X11; Linux x86_64) AppleWebKit/537.36 (KHTML, like Gecko) Chrome/84.0.4147.135 Safari/537.36"
::1 - - [30/Sep/2020:08:55:41 +0000] "GET /product HTTP/1.1" 304 - "http://localhost:8080/home" "Mozilla/5.0 (X11; Linux x86_64) AppleWebKit/537.36 (KHTML, like Gecko) Chrome/84.0.4147.135 Safari/537.36"
::1 - - [30/Sep/2020:08:55:41 +0000] "GET /product HTTP/1.1" 304 - "http://localhost:8080/home" "Mozilla/5.0 (X11; Linux x86_64) AppleWebKit/537.36 (KHTML, like Gecko) Chrome/84.0.4147.135 Safari/537.36"
::1 - - [30/Sep/2020:08:58:48 +0000] "OPTIONS /auth HTTP/1.1" 204 0 "http://localhost:8080/" "Mozilla/5.0 (X11; Linux x86_64) AppleWebKit/537.36 (KHTML, like Gecko) Chrome/84.0.4147.135 Safari/537.36"
::1 - - [30/Sep/2020:08:58:48 +0000] "POST /auth HTTP/1.1" 200 161 "http://localhost:8080/" "Mozilla/5.0 (X11; Linux x86_64) AppleWebKit/537.36 (KHTML, like Gecko) Chrome/84.0.4147.135 Safari/537.36"
::1 - - [30/Sep/2020:09:00:42 +0000] "OPTIONS /auth HTTP/1.1" 204 0 "http://localhost:8080/" "Mozilla/5.0 (X11; Linux x86_64) AppleWebKit/537.36 (KHTML, like Gecko) Chrome/84.0.4147.135 Safari/537.36"
::1 - - [30/Sep/2020:09:00:42 +0000] "POST /auth HTTP/1.1" 401 30 "http://localhost:8080/" "Mozilla/5.0 (X11; Linux x86_64) AppleWebKit/537.36 (KHTML, like Gecko) Chrome/84.0.4147.135 Safari/537.36"
::1 - - [30/Sep/2020:09:00:46 +0000] "POST /auth HTTP/1.1" 200 161 "http://localhost:8080/" "Mozilla/5.0 (X11; Linux x86_64) AppleWebKit/537.36 (KHTML, like Gecko) Chrome/84.0.4147.135 Safari/537.36"
::1 - - [30/Sep/2020:09:01:37 +0000] "GET /product HTTP/1.1" 304 - "http://localhost:8080/home" "Mozilla/5.0 (X11; Linux x86_64) AppleWebKit/537.36 (KHTML, like Gecko) Chrome/84.0.4147.135 Safari/537.36"
::1 - - [30/Sep/2020:09:03:41 +0000] "GET /product HTTP/1.1" 304 - "http://localhost:8080/home" "Mozilla/5.0 (X11; Linux x86_64) AppleWebKit/537.36 (KHTML, like Gecko) Chrome/84.0.4147.135 Safari/537.36"
::1 - - [30/Sep/2020:09:04:48 +0000] "GET /product HTTP/1.1" 304 - "http://localhost:8080/home" "Mozilla/5.0 (X11; Linux x86_64) AppleWebKit/537.36 (KHTML, like Gecko) Chrome/84.0.4147.135 Safari/537.36"
::1 - - [30/Sep/2020:09:14:24 +0000] "OPTIONS /product HTTP/1.1" 204 0 "http://localhost:8080/home" "Mozilla/5.0 (X11; Linux x86_64) AppleWebKit/537.36 (KHTML, like Gecko) Chrome/84.0.4147.135 Safari/537.36"
::1 - - [30/Sep/2020:09:14:24 +0000] "POST /product HTTP/1.1" 401 54 "http://localhost:8080/home" "Mozilla/5.0 (X11; Linux x86_64) AppleWebKit/537.36 (KHTML, like Gecko) Chrome/84.0.4147.135 Safari/537.36"
::1 - - [30/Sep/2020:09:37:21 +0000] "GET /product HTTP/1.1" 304 - "http://localhost:8080/home" "Mozilla/5.0 (X11; Linux x86_64) AppleWebKit/537.36 (KHTML, like Gecko) Chrome/84.0.4147.135 Safari/537.36"
::1 - - [30/Sep/2020:09:39:48 +0000] "GET /product HTTP/1.1" 304 - "http://localhost:8080/home" "Mozilla/5.0 (X11; Linux x86_64) AppleWebKit/537.36 (KHTML, like Gecko) Chrome/84.0.4147.135 Safari/537.36"
::1 - - [30/Sep/2020:09:41:41 +0000] "GET /history HTTP/1.1" 200 823 "http://localhost:8080/history" "Mozilla/5.0 (X11; Linux x86_64) AppleWebKit/537.36 (KHTML, like Gecko) Chrome/84.0.4147.135 Safari/537.36"
::1 - - [03/Oct/2020:14:46:19 +0000] "GET / HTTP/1.1" 500 23 "-" "Mozilla/5.0 (X11; Linux x86_64) AppleWebKit/537.36 (KHTML, like Gecko) Chrome/84.0.4147.135 Safari/537.36"
::1 - - [03/Oct/2020:14:46:19 +0000] "GET /favicon.ico HTTP/1.1" 500 23 "http://localhost:2189/" "Mozilla/5.0 (X11; Linux x86_64) AppleWebKit/537.36 (KHTML, like Gecko) Chrome/84.0.4147.135 Safari/537.36"
::1 - - [03/Oct/2020:14:46:26 +0000] "GET /product HTTP/1.1" 404 16 "-" "Mozilla/5.0 (X11; Linux x86_64) AppleWebKit/537.36 (KHTML, like Gecko) Chrome/84.0.4147.135 Safari/537.36"
::1 - - [03/Oct/2020:14:46:27 +0000] "GET /favicon.ico HTTP/1.1" 500 23 "http://localhost:2189/product" "Mozilla/5.0 (X11; Linux x86_64) AppleWebKit/537.36 (KHTML, like Gecko) Chrome/84.0.4147.135 Safari/537.36"
::1 - - [03/Oct/2020:14:46:41 +0000] "GET /users HTTP/1.1" 500 64 "-" "Mozilla/5.0 (X11; Linux x86_64) AppleWebKit/537.36 (KHTML, like Gecko) Chrome/84.0.4147.135 Safari/537.36"
::1 - - [03/Oct/2020:14:46:41 +0000] "GET /favicon.ico HTTP/1.1" 500 23 "http://localhost:2189/users" "Mozilla/5.0 (X11; Linux x86_64) AppleWebKit/537.36 (KHTML, like Gecko) Chrome/84.0.4147.135 Safari/537.36"
::1 - - [03/Oct/2020:14:47:27 +0000] "GET /users HTTP/1.1" 500 64 "-" "Mozilla/5.0 (X11; Linux x86_64) AppleWebKit/537.36 (KHTML, like Gecko) Chrome/84.0.4147.135 Safari/537.36"
::1 - - [03/Oct/2020:14:47:28 +0000] "GET /favicon.ico HTTP/1.1" 500 23 "http://localhost:2189/users" "Mozilla/5.0 (X11; Linux x86_64) AppleWebKit/537.36 (KHTML, like Gecko) Chrome/84.0.4147.135 Safari/537.36"
::1 - - [03/Oct/2020:14:47:29 +0000] "GET /users HTTP/1.1" 500 64 "-" "Mozilla/5.0 (X11; Linux x86_64) AppleWebKit/537.36 (KHTML, like Gecko) Chrome/84.0.4147.135 Safari/537.36"
::1 - - [03/Oct/2020:14:47:29 +0000] "GET /favicon.ico HTTP/1.1" 500 23 "http://localhost:2189/users" "Mozilla/5.0 (X11; Linux x86_64) AppleWebKit/537.36 (KHTML, like Gecko) Chrome/84.0.4147.135 Safari/537.36"
::1 - - [03/Oct/2020:14:47:57 +0000] "GET /users HTTP/1.1" 500 64 "-" "Mozilla/5.0 (X11; Linux x86_64) AppleWebKit/537.36 (KHTML, like Gecko) Chrome/84.0.4147.135 Safari/537.36"
::1 - - [03/Oct/2020:14:47:58 +0000] "GET /favicon.ico HTTP/1.1" 500 23 "http://localhost:2189/users" "Mozilla/5.0 (X11; Linux x86_64) AppleWebKit/537.36 (KHTML, like Gecko) Chrome/84.0.4147.135 Safari/537.36"
::1 - - [03/Oct/2020:14:47:59 +0000] "GET /users HTTP/1.1" 500 64 "-" "Mozilla/5.0 (X11; Linux x86_64) AppleWebKit/537.36 (KHTML, like Gecko) Chrome/84.0.4147.135 Safari/537.36"
::1 - - [03/Oct/2020:14:48:00 +0000] "GET /favicon.ico HTTP/1.1" 500 23 "http://localhost:2189/users" "Mozilla/5.0 (X11; Linux x86_64) AppleWebKit/537.36 (KHTML, like Gecko) Chrome/84.0.4147.135 Safari/537.36"
::1 - - [03/Oct/2020:14:48:00 +0000] "GET /users HTTP/1.1" 500 64 "-" "Mozilla/5.0 (X11; Linux x86_64) AppleWebKit/537.36 (KHTML, like Gecko) Chrome/84.0.4147.135 Safari/537.36"
::1 - - [03/Oct/2020:14:48:00 +0000] "GET /favicon.ico HTTP/1.1" 500 23 "http://localhost:2189/users" "Mozilla/5.0 (X11; Linux x86_64) AppleWebKit/537.36 (KHTML, like Gecko) Chrome/84.0.4147.135 Safari/537.36"
::1 - - [03/Oct/2020:14:48:00 +0000] "GET /users HTTP/1.1" 500 64 "-" "Mozilla/5.0 (X11; Linux x86_64) AppleWebKit/537.36 (KHTML, like Gecko) Chrome/84.0.4147.135 Safari/537.36"
::1 - - [03/Oct/2020:14:48:00 +0000] "GET /users HTTP/1.1" 500 64 "-" "Mozilla/5.0 (X11; Linux x86_64) AppleWebKit/537.36 (KHTML, like Gecko) Chrome/84.0.4147.135 Safari/537.36"
::1 - - [03/Oct/2020:14:48:00 +0000] "GET /favicon.ico HTTP/1.1" 500 23 "http://localhost:2189/users" "Mozilla/5.0 (X11; Linux x86_64) AppleWebKit/537.36 (KHTML, like Gecko) Chrome/84.0.4147.135 Safari/537.36"
::1 - - [03/Oct/2020:14:48:01 +0000] "GET /favicon.ico HTTP/1.1" 500 23 "http://localhost:2189/users" "Mozilla/5.0 (X11; Linux x86_64) AppleWebKit/537.36 (KHTML, like Gecko) Chrome/84.0.4147.135 Safari/537.36"
::1 - - [03/Oct/2020:14:48:48 +0000] "GET /history HTTP/1.1" 500 67 "-" "Mozilla/5.0 (X11; Linux x86_64) AppleWebKit/537.36 (KHTML, like Gecko) Chrome/84.0.4147.135 Safari/537.36"
::1 - - [03/Oct/2020:14:48:48 +0000] "GET /favicon.ico HTTP/1.1" 500 23 "http://localhost:2189/history" "Mozilla/5.0 (X11; Linux x86_64) AppleWebKit/537.36 (KHTML, like Gecko) Chrome/84.0.4147.135 Safari/537.36"
::1 - - [03/Oct/2020:14:49:51 +0000] "GET /docs HTTP/1.1" 500 23 "-" "Mozilla/5.0 (X11; Linux x86_64) AppleWebKit/537.36 (KHTML, like Gecko) Chrome/84.0.4147.135 Safari/537.36"
::1 - - [03/Oct/2020:14:49:51 +0000] "GET /favicon.ico HTTP/1.1" 500 23 "http://localhost:2189/docs" "Mozilla/5.0 (X11; Linux x86_64) AppleWebKit/537.36 (KHTML, like Gecko) Chrome/84.0.4147.135 Safari/537.36"
::1 - - [03/Oct/2020:14:49:54 +0000] "GET /oke HTTP/1.1" 500 23 "-" "Mozilla/5.0 (X11; Linux x86_64) AppleWebKit/537.36 (KHTML, like Gecko) Chrome/84.0.4147.135 Safari/537.36"
::1 - - [03/Oct/2020:14:49:54 +0000] "GET /favicon.ico HTTP/1.1" 500 23 "http://localhost:2189/oke" "Mozilla/5.0 (X11; Linux x86_64) AppleWebKit/537.36 (KHTML, like Gecko) Chrome/84.0.4147.135 Safari/537.36"
::1 - - [03/Oct/2020:14:50:01 +0000] "GET /users HTTP/1.1" 500 64 "-" "Mozilla/5.0 (X11; Linux x86_64) AppleWebKit/537.36 (KHTML, like Gecko) Chrome/84.0.4147.135 Safari/537.36"
::1 - - [03/Oct/2020:14:50:01 +0000] "GET /favicon.ico HTTP/1.1" 500 23 "http://localhost:2189/users" "Mozilla/5.0 (X11; Linux x86_64) AppleWebKit/537.36 (KHTML, like Gecko) Chrome/84.0.4147.135 Safari/537.36"
::1 - - [03/Oct/2020:14:52:39 +0000] "GET /users HTTP/1.1" 500 64 "-" "Mozilla/5.0 (Linux; Android 6.0; Nexus 5 Build/MRA58N) AppleWebKit/537.36 (KHTML, like Gecko) Chrome/84.0.4147.135 Mobile Safari/537.36"
::1 - - [03/Oct/2020:14:52:39 +0000] "GET /favicon.ico HTTP/1.1" 500 23 "http://localhost:2189/users" "Mozilla/5.0 (Linux; Android 6.0; Nexus 5 Build/MRA58N) AppleWebKit/537.36 (KHTML, like Gecko) Chrome/84.0.4147.135 Mobile Safari/537.36"
::1 - - [03/Oct/2020:14:53:47 +0000] "GET /users HTTP/1.1" 500 64 "-" "Mozilla/5.0 (Linux; Android 6.0; Nexus 5 Build/MRA58N) AppleWebKit/537.36 (KHTML, like Gecko) Chrome/84.0.4147.135 Mobile Safari/537.36"
::1 - - [03/Oct/2020:14:53:48 +0000] "GET /favicon.ico HTTP/1.1" 500 23 "http://localhost:2189/users" "Mozilla/5.0 (Linux; Android 6.0; Nexus 5 Build/MRA58N) AppleWebKit/537.36 (KHTML, like Gecko) Chrome/84.0.4147.135 Mobile Safari/537.36"
::1 - - [03/Oct/2020:14:55:31 +0000] "GET /users/ HTTP/1.1" 500 64 "-" "Mozilla/5.0 (X11; Linux x86_64) AppleWebKit/537.36 (KHTML, like Gecko) Chrome/84.0.4147.135 Safari/537.36"
::1 - - [03/Oct/2020:14:55:31 +0000] "GET /favicon.ico HTTP/1.1" 500 23 "http://localhost:2189/users/" "Mozilla/5.0 (X11; Linux x86_64) AppleWebKit/537.36 (KHTML, like Gecko) Chrome/84.0.4147.135 Safari/537.36"
::1 - - [03/Oct/2020:14:56:07 +0000] "GET /users/ HTTP/1.1" 500 64 "-" "Mozilla/5.0 (X11; Linux x86_64) AppleWebKit/537.36 (KHTML, like Gecko) Chrome/84.0.4147.135 Safari/537.36"
::1 - - [03/Oct/2020:14:56:07 +0000] "GET /favicon.ico HTTP/1.1" 500 23 "http://localhost:2189/users/" "Mozilla/5.0 (X11; Linux x86_64) AppleWebKit/537.36 (KHTML, like Gecko) Chrome/84.0.4147.135 Safari/537.36"
::1 - - [03/Oct/2020:14:59:10 +0000] "GET /users/ HTTP/1.1" 500 64 "-" "Mozilla/5.0 (X11; Linux x86_64) AppleWebKit/537.36 (KHTML, like Gecko) Chrome/84.0.4147.135 Safari/537.36"
::1 - - [03/Oct/2020:14:59:10 +0000] "GET /favicon.ico HTTP/1.1" 500 23 "http://localhost:2189/users/" "Mozilla/5.0 (X11; Linux x86_64) AppleWebKit/537.36 (KHTML, like Gecko) Chrome/84.0.4147.135 Safari/537.36"
::1 - - [03/Oct/2020:15:00:32 +0000] "GET /users/ HTTP/1.1" 500 69 "-" "Mozilla/5.0 (X11; Linux x86_64) AppleWebKit/537.36 (KHTML, like Gecko) Chrome/84.0.4147.135 Safari/537.36"
::1 - - [03/Oct/2020:15:00:33 +0000] "GET /favicon.ico HTTP/1.1" 500 23 "http://localhost:4000/users/" "Mozilla/5.0 (X11; Linux x86_64) AppleWebKit/537.36 (KHTML, like Gecko) Chrome/84.0.4147.135 Safari/537.36"
::1 - - [03/Oct/2020:15:01:19 +0000] "GET /users/ HTTP/1.1" 500 64 "-" "Mozilla/5.0 (X11; Linux x86_64) AppleWebKit/537.36 (KHTML, like Gecko) Chrome/84.0.4147.135 Safari/537.36"
::1 - - [03/Oct/2020:15:01:19 +0000] "GET /favicon.ico HTTP/1.1" 500 23 "http://localhost:4000/users/" "Mozilla/5.0 (X11; Linux x86_64) AppleWebKit/537.36 (KHTML, like Gecko) Chrome/84.0.4147.135 Safari/537.36"
::1 - - [03/Oct/2020:15:01:46 +0000] "GET /users/ HTTP/1.1" 500 64 "-" "Mozilla/5.0 (X11; Linux x86_64) AppleWebKit/537.36 (KHTML, like Gecko) Chrome/84.0.4147.135 Safari/537.36"
::1 - - [03/Oct/2020:15:01:46 +0000] "GET /favicon.ico HTTP/1.1" 500 23 "http://localhost:4000/users/" "Mozilla/5.0 (X11; Linux x86_64) AppleWebKit/537.36 (KHTML, like Gecko) Chrome/84.0.4147.135 Safari/537.36"
::1 - - [03/Oct/2020:15:01:47 +0000] "GET /users/ HTTP/1.1" 500 64 "-" "Mozilla/5.0 (X11; Linux x86_64) AppleWebKit/537.36 (KHTML, like Gecko) Chrome/84.0.4147.135 Safari/537.36"
::1 - - [03/Oct/2020:15:01:47 +0000] "GET /favicon.ico HTTP/1.1" 500 23 "http://localhost:4000/users/" "Mozilla/5.0 (X11; Linux x86_64) AppleWebKit/537.36 (KHTML, like Gecko) Chrome/84.0.4147.135 Safari/537.36"
::1 - - [03/Oct/2020:15:02:15 +0000] "GET /users/ HTTP/1.1" 500 64 "-" "Mozilla/5.0 (X11; Linux x86_64) AppleWebKit/537.36 (KHTML, like Gecko) Chrome/84.0.4147.135 Safari/537.36"
::1 - - [03/Oct/2020:15:02:16 +0000] "GET /favicon.ico HTTP/1.1" 500 23 "http://localhost:5000/users/" "Mozilla/5.0 (X11; Linux x86_64) AppleWebKit/537.36 (KHTML, like Gecko) Chrome/84.0.4147.135 Safari/537.36"
::1 - - [03/Oct/2020:15:05:41 +0000] "GET / HTTP/1.1" 500 23 "-" "Mozilla/5.0 (X11; Linux x86_64) AppleWebKit/537.36 (KHTML, like Gecko) Chrome/84.0.4147.135 Safari/537.36"
::1 - - [03/Oct/2020:15:05:41 +0000] "GET /favicon.ico HTTP/1.1" 500 23 "http://localhost:10000/" "Mozilla/5.0 (X11; Linux x86_64) AppleWebKit/537.36 (KHTML, like Gecko) Chrome/84.0.4147.135 Safari/537.36"
::1 - - [03/Oct/2020:15:05:47 +0000] "GET /users HTTP/1.1" 500 64 "-" "Mozilla/5.0 (X11; Linux x86_64) AppleWebKit/537.36 (KHTML, like Gecko) Chrome/84.0.4147.135 Safari/537.36"
::1 - - [03/Oct/2020:15:05:47 +0000] "GET /favicon.ico HTTP/1.1" 500 23 "http://localhost:10000/users" "Mozilla/5.0 (X11; Linux x86_64) AppleWebKit/537.36 (KHTML, like Gecko) Chrome/84.0.4147.135 Safari/537.36"
::1 - - [03/Oct/2020:15:08:16 +0000] "GET /users HTTP/1.1" 500 64 "-" "Mozilla/5.0 (X11; Linux x86_64) AppleWebKit/537.36 (KHTML, like Gecko) Chrome/84.0.4147.135 Safari/537.36"
::1 - - [03/Oct/2020:15:08:16 +0000] "GET /favicon.ico HTTP/1.1" 500 23 "http://localhost:10000/users" "Mozilla/5.0 (X11; Linux x86_64) AppleWebKit/537.36 (KHTML, like Gecko) Chrome/84.0.4147.135 Safari/537.36"
::1 - - [03/Oct/2020:15:08:29 +0000] "GET /users HTTP/1.1" 500 64 "-" "Mozilla/5.0 (X11; Linux x86_64) AppleWebKit/537.36 (KHTML, like Gecko) Chrome/84.0.4147.135 Safari/537.36"
::1 - - [03/Oct/2020:15:08:29 +0000] "GET /favicon.ico HTTP/1.1" 500 23 "http://localhost:10000/users" "Mozilla/5.0 (X11; Linux x86_64) AppleWebKit/537.36 (KHTML, like Gecko) Chrome/84.0.4147.135 Safari/537.36"
::1 - - [03/Oct/2020:15:08:30 +0000] "GET /users HTTP/1.1" 500 64 "-" "Mozilla/5.0 (X11; Linux x86_64) AppleWebKit/537.36 (KHTML, like Gecko) Chrome/84.0.4147.135 Safari/537.36"
::1 - - [03/Oct/2020:15:08:31 +0000] "GET /favicon.ico HTTP/1.1" 500 23 "http://localhost:10000/users" "Mozilla/5.0 (X11; Linux x86_64) AppleWebKit/537.36 (KHTML, like Gecko) Chrome/84.0.4147.135 Safari/537.36"
::1 - - [03/Oct/2020:15:08:36 +0000] "GET /users HTTP/1.1" 500 64 "-" "Mozilla/5.0 (X11; Linux x86_64) AppleWebKit/537.36 (KHTML, like Gecko) Chrome/84.0.4147.135 Safari/537.36"
::1 - - [03/Oct/2020:15:08:36 +0000] "GET /favicon.ico HTTP/1.1" 500 23 "http://localhost:11000/users" "Mozilla/5.0 (X11; Linux x86_64) AppleWebKit/537.36 (KHTML, like Gecko) Chrome/84.0.4147.135 Safari/537.36"
::1 - - [03/Oct/2020:15:10:59 +0000] "GET /users HTTP/1.1" 500 64 "-" "Mozilla/5.0 (X11; Linux x86_64) AppleWebKit/537.36 (KHTML, like Gecko) Chrome/84.0.4147.135 Safari/537.36"
::1 - - [03/Oct/2020:15:10:59 +0000] "GET /favicon.ico HTTP/1.1" 500 23 "http://localhost:1200/users" "Mozilla/5.0 (X11; Linux x86_64) AppleWebKit/537.36 (KHTML, like Gecko) Chrome/84.0.4147.135 Safari/537.36"
::1 - - [03/Oct/2020:15:11:00 +0000] "GET /users HTTP/1.1" 500 64 "-" "Mozilla/5.0 (X11; Linux x86_64) AppleWebKit/537.36 (KHTML, like Gecko) Chrome/84.0.4147.135 Safari/537.36"
::1 - - [03/Oct/2020:15:11:00 +0000] "GET /favicon.ico HTTP/1.1" 500 23 "http://localhost:1200/users" "Mozilla/5.0 (X11; Linux x86_64) AppleWebKit/537.36 (KHTML, like Gecko) Chrome/84.0.4147.135 Safari/537.36"
::1 - - [03/Oct/2020:15:12:29 +0000] "GET /users HTTP/1.1" 500 64 "-" "Mozilla/5.0 (X11; Linux x86_64) AppleWebKit/537.36 (KHTML, like Gecko) Chrome/84.0.4147.135 Safari/537.36"
::1 - - [03/Oct/2020:15:12:29 +0000] "GET /favicon.ico HTTP/1.1" 500 23 "http://localhost:1300/users" "Mozilla/5.0 (X11; Linux x86_64) AppleWebKit/537.36 (KHTML, like Gecko) Chrome/84.0.4147.135 Safari/537.36"
::1 - - [03/Oct/2020:15:12:35 +0000] "GET /users HTTP/1.1" 500 64 "-" "Mozilla/5.0 (X11; Linux x86_64) AppleWebKit/537.36 (KHTML, like Gecko) Chrome/84.0.4147.135 Safari/537.36"
::1 - - [03/Oct/2020:15:12:35 +0000] "GET /favicon.ico HTTP/1.1" 500 23 "http://localhost:1300/users" "Mozilla/5.0 (X11; Linux x86_64) AppleWebKit/537.36 (KHTML, like Gecko) Chrome/84.0.4147.135 Safari/537.36"
::1 - - [03/Oct/2020:15:12:37 +0000] "GET /users HTTP/1.1" 500 64 "-" "Mozilla/5.0 (X11; Linux x86_64) AppleWebKit/537.36 (KHTML, like Gecko) Chrome/84.0.4147.135 Safari/537.36"
::1 - - [03/Oct/2020:15:12:38 +0000] "GET /favicon.ico HTTP/1.1" 500 23 "http://localhost:1300/users" "Mozilla/5.0 (X11; Linux x86_64) AppleWebKit/537.36 (KHTML, like Gecko) Chrome/84.0.4147.135 Safari/537.36"
::1 - - [03/Oct/2020:15:13:19 +0000] "GET /users HTTP/1.1" 500 64 "-" "Mozilla/5.0 (X11; Linux x86_64) AppleWebKit/537.36 (KHTML, like Gecko) Chrome/84.0.4147.135 Safari/537.36"
::1 - - [03/Oct/2020:15:13:19 +0000] "GET /favicon.ico HTTP/1.1" 500 23 "http://localhost:1300/users" "Mozilla/5.0 (X11; Linux x86_64) AppleWebKit/537.36 (KHTML, like Gecko) Chrome/84.0.4147.135 Safari/537.36"
::1 - - [03/Oct/2020:15:15:04 +0000] "GET /users HTTP/1.1" 500 64 "-" "Mozilla/5.0 (X11; Linux x86_64) AppleWebKit/537.36 (KHTML, like Gecko) Chrome/84.0.4147.135 Safari/537.36"
::1 - - [03/Oct/2020:15:15:04 +0000] "GET /favicon.ico HTTP/1.1" 500 23 "http://localhost:1400/users" "Mozilla/5.0 (X11; Linux x86_64) AppleWebKit/537.36 (KHTML, like Gecko) Chrome/84.0.4147.135 Safari/537.36"
::1 - - [03/Oct/2020:15:18:34 +0000] "GET /users HTTP/1.1" 200 4267 "-" "Mozilla/5.0 (X11; Linux x86_64) AppleWebKit/537.36 (KHTML, like Gecko) Chrome/84.0.4147.135 Safari/537.36"
::1 - - [03/Oct/2020:15:18:34 +0000] "GET /favicon.ico HTTP/1.1" 500 23 "http://localhost:1400/users" "Mozilla/5.0 (X11; Linux x86_64) AppleWebKit/537.36 (KHTML, like Gecko) Chrome/84.0.4147.135 Safari/537.36"
::1 - - [03/Oct/2020:15:19:43 +0000] "GET /product HTTP/1.1" 404 16 "-" "Mozilla/5.0 (X11; Linux x86_64) AppleWebKit/537.36 (KHTML, like Gecko) Chrome/84.0.4147.135 Safari/537.36"
::1 - - [03/Oct/2020:15:19:44 +0000] "GET /favicon.ico HTTP/1.1" 500 23 "http://localhost:1400/product" "Mozilla/5.0 (X11; Linux x86_64) AppleWebKit/537.36 (KHTML, like Gecko) Chrome/84.0.4147.135 Safari/537.36"
::1 - - [03/Oct/2020:15:20:04 +0000] "GET /product HTTP/1.1" 404 16 "-" "Mozilla/5.0 (X11; Linux x86_64) AppleWebKit/537.36 (KHTML, like Gecko) Chrome/84.0.4147.135 Safari/537.36"
::1 - - [03/Oct/2020:15:20:04 +0000] "GET /favicon.ico HTTP/1.1" 500 23 "http://localhost:1400/product" "Mozilla/5.0 (X11; Linux x86_64) AppleWebKit/537.36 (KHTML, like Gecko) Chrome/84.0.4147.135 Safari/537.36"
::1 - - [03/Oct/2020:15:20:12 +0000] "GET /product HTTP/1.1" 404 16 "-" "Mozilla/5.0 (X11; Linux x86_64) AppleWebKit/537.36 (KHTML, like Gecko) Chrome/84.0.4147.135 Safari/537.36"
::1 - - [03/Oct/2020:15:20:12 +0000] "GET /favicon.ico HTTP/1.1" 500 23 "http://localhost:1500/product" "Mozilla/5.0 (X11; Linux x86_64) AppleWebKit/537.36 (KHTML, like Gecko) Chrome/84.0.4147.135 Safari/537.36"
::1 - - [03/Oct/2020:15:20:15 +0000] "GET /product HTTP/1.1" 404 16 "-" "Mozilla/5.0 (X11; Linux x86_64) AppleWebKit/537.36 (KHTML, like Gecko) Chrome/84.0.4147.135 Safari/537.36"
::1 - - [03/Oct/2020:15:20:16 +0000] "GET /favicon.ico HTTP/1.1" 500 23 "http://localhost:1500/product" "Mozilla/5.0 (X11; Linux x86_64) AppleWebKit/537.36 (KHTML, like Gecko) Chrome/84.0.4147.135 Safari/537.36"
::1 - - [03/Oct/2020:15:20:26 +0000] "GET /product/ HTTP/1.1" 404 16 "-" "Mozilla/5.0 (X11; Linux x86_64) AppleWebKit/537.36 (KHTML, like Gecko) Chrome/84.0.4147.135 Safari/537.36"
::1 - - [03/Oct/2020:15:20:26 +0000] "GET /favicon.ico HTTP/1.1" 500 23 "http://localhost:1500/product/" "Mozilla/5.0 (X11; Linux x86_64) AppleWebKit/537.36 (KHTML, like Gecko) Chrome/84.0.4147.135 Safari/537.36"
::1 - - [03/Oct/2020:15:20:35 +0000] "GET / HTTP/1.1" 500 23 "-" "Mozilla/5.0 (X11; Linux x86_64) AppleWebKit/537.36 (KHTML, like Gecko) Chrome/84.0.4147.135 Safari/537.36"
::1 - - [03/Oct/2020:15:20:35 +0000] "GET /favicon.ico HTTP/1.1" 500 23 "http://localhost:1500/" "Mozilla/5.0 (X11; Linux x86_64) AppleWebKit/537.36 (KHTML, like Gecko) Chrome/84.0.4147.135 Safari/537.36"
::1 - - [03/Oct/2020:15:20:41 +0000] "GET /product HTTP/1.1" 404 16 "-" "Mozilla/5.0 (X11; Linux x86_64) AppleWebKit/537.36 (KHTML, like Gecko) Chrome/84.0.4147.135 Safari/537.36"
::1 - - [03/Oct/2020:15:20:41 +0000] "GET /favicon.ico HTTP/1.1" 500 23 "http://localhost:1500/product" "Mozilla/5.0 (X11; Linux x86_64) AppleWebKit/537.36 (KHTML, like Gecko) Chrome/84.0.4147.135 Safari/537.36"
::1 - - [03/Oct/2020:15:21:52 +0000] "GET /product HTTP/1.1" 200 2148 "-" "Mozilla/5.0 (X11; Linux x86_64) AppleWebKit/537.36 (KHTML, like Gecko) Chrome/84.0.4147.135 Safari/537.36"
::1 - - [03/Oct/2020:15:21:52 +0000] "GET /favicon.ico HTTP/1.1" 500 23 "http://localhost:1600/product" "Mozilla/5.0 (X11; Linux x86_64) AppleWebKit/537.36 (KHTML, like Gecko) Chrome/84.0.4147.135 Safari/537.36"
::1 - - [03/Oct/2020:15:23:00 +0000] "GET /history HTTP/1.1" 200 823 "-" "Mozilla/5.0 (X11; Linux x86_64) AppleWebKit/537.36 (KHTML, like Gecko) Chrome/84.0.4147.135 Safari/537.36"
::1 - - [03/Oct/2020:15:23:00 +0000] "GET /favicon.ico HTTP/1.1" 500 23 "http://localhost:1700/history" "Mozilla/5.0 (X11; Linux x86_64) AppleWebKit/537.36 (KHTML, like Gecko) Chrome/84.0.4147.135 Safari/537.36"
::1 - - [04/Oct/2020:06:33:55 +0000] "GET / HTTP/1.1" 500 23 "-" "Mozilla/5.0 (X11; Linux x86_64) AppleWebKit/537.36 (KHTML, like Gecko) Chrome/84.0.4147.135 Safari/537.36"
::1 - - [04/Oct/2020:06:33:55 +0000] "GET /favicon.ico HTTP/1.1" 500 23 "http://localhost:7169/" "Mozilla/5.0 (X11; Linux x86_64) AppleWebKit/537.36 (KHTML, like Gecko) Chrome/84.0.4147.135 Safari/537.36"
::1 - - [10/Oct/2020:11:44:40 +0000] "GET / HTTP/1.1" 500 23 "-" "Mozilla/5.0 (X11; Linux x86_64) AppleWebKit/537.36 (KHTML, like Gecko) Chrome/84.0.4147.135 Safari/537.36"
::1 - - [10/Oct/2020:11:44:40 +0000] "GET /favicon.ico HTTP/1.1" 500 23 "http://localhost:7169/" "Mozilla/5.0 (X11; Linux x86_64) AppleWebKit/537.36 (KHTML, like Gecko) Chrome/84.0.4147.135 Safari/537.36"
::1 - - [10/Oct/2020:11:44:49 +0000] "GET /product HTTP/1.1" 404 16 "-" "Mozilla/5.0 (X11; Linux x86_64) AppleWebKit/537.36 (KHTML, like Gecko) Chrome/84.0.4147.135 Safari/537.36"
::1 - - [10/Oct/2020:11:44:50 +0000] "GET /favicon.ico HTTP/1.1" 500 23 "http://localhost:7169/product" "Mozilla/5.0 (X11; Linux x86_64) AppleWebKit/537.36 (KHTML, like Gecko) Chrome/84.0.4147.135 Safari/537.36"
::1 - - [10/Oct/2020:11:48:27 +0000] "GET /product HTTP/1.1" 200 2148 "-" "Mozilla/5.0 (X11; Linux x86_64) AppleWebKit/537.36 (KHTML, like Gecko) Chrome/84.0.4147.135 Safari/537.36"
::1 - - [10/Oct/2020:11:48:27 +0000] "GET /favicon.ico HTTP/1.1" 500 23 "http://localhost:7169/product" "Mozilla/5.0 (X11; Linux x86_64) AppleWebKit/537.36 (KHTML, like Gecko) Chrome/84.0.4147.135 Safari/537.36"
